<?xml version="1.0" encoding="UTF-8"?>
<testsuite xmlns:xsi="http://www.w3.org/2001/XMLSchema-instance" xsi:noNamespaceSchemaLocation="https://maven.apache.org/surefire/maven-surefire-plugin/xsd/surefire-test-report-3.0.xsd" version="3.0" name="TestSuite" time="77.314" tests="6" errors="0" skipped="0" failures="1">
  <properties>
[...]
</properties>
  <testcase name="login_ActiTime" classname="common_tests.CommonTest" time="10.403">
    <failure message="expected [Enter Time-Track for] but found [Enter Time-Track fo r]" type="java.lang.AssertionError"><![CDATA[java.lang.AssertionError: expected [Enter Time-Track for] but found [Enter Time-Track fo r]
	at org.testng.Assert.fail(Assert.java:97)
	at org.testng.Assert.assertEqualsImpl(Assert.java:136)
	at org.testng.Assert.assertEquals(Assert.java:118)
	at org.testng.Assert.assertEquals(Assert.java:575)
	at org.testng.Assert.assertEquals(Assert.java:585)
	at common_tests.CommonTest.login_ActiTime(CommonTest.java:29)
	at java.base/jdk.internal.reflect.NativeMethodAccessorImpl.invoke0(Native Method)
	at java.base/jdk.internal.reflect.NativeMethodAccessorImpl.invoke(NativeMethodAccessorImpl.java:62)
	at java.base/jdk.internal.reflect.DelegatingMethodAccessorImpl.invoke(DelegatingMethodAccessorImpl.java:43)
	at java.base/java.lang.reflect.Method.invoke(Method.java:566)
	at org.testng.internal.MethodInvocationHelper.invokeMethod(MethodInvocationHelper.java:134)
	at org.testng.internal.TestInvoker.invokeMethod(TestInvoker.java:597)
	at org.testng.internal.TestInvoker.invokeTestMethod(TestInvoker.java:173)
	at org.testng.internal.MethodRunner.runInSequence(MethodRunner.java:46)
	at org.testng.internal.TestInvoker$MethodInvocationAgent.invoke(TestInvoker.java:816)
	at org.testng.internal.TestInvoker.invokeTestMethods(TestInvoker.java:146)
	at org.testng.internal.TestMethodWorker.invokeTestMethods(TestMethodWorker.java:146)
	at org.testng.internal.TestMethodWorker.run(TestMethodWorker.java:128)
	at java.base/java.util.ArrayList.forEach(ArrayList.java:1541)
	at org.testng.TestRunner.privateRun(TestRunner.java:766)
	at org.testng.TestRunner.run(TestRunner.java:587)
	at org.testng.SuiteRunner.runTest(SuiteRunner.java:384)
	at org.testng.SuiteRunner.runSequentially(SuiteRunner.java:378)
	at org.testng.SuiteRunner.privateRun(SuiteRunner.java:337)
	at org.testng.SuiteRunner.run(SuiteRunner.java:286)
	at org.testng.SuiteRunnerWorker.runSuite(SuiteRunnerWorker.java:53)
	at org.testng.SuiteRunnerWorker.run(SuiteRunnerWorker.java:96)
	at org.testng.TestNG.runSuitesSequentially(TestNG.java:1187)
	at org.testng.TestNG.runSuitesLocally(TestNG.java:1109)
	at org.testng.TestNG.runSuites(TestNG.java:1039)
	at org.testng.TestNG.run(TestNG.java:1007)
	at org.apache.maven.surefire.testng.TestNGExecutor.run(TestNGExecutor.java:324)
	at org.apache.maven.surefire.testng.TestNGXmlTestSuite.execute(TestNGXmlTestSuite.java:74)
	at org.apache.maven.surefire.testng.TestNGProvider.invoke(TestNGProvider.java:123)
	at org.apache.maven.surefire.booter.ForkedBooter.runSuitesInProcess(ForkedBooter.java:456)
	at org.apache.maven.surefire.booter.ForkedBooter.execute(ForkedBooter.java:169)
	at org.apache.maven.surefire.booter.ForkedBooter.run(ForkedBooter.java:595)
	at org.apache.maven.surefire.booter.ForkedBooter.main(ForkedBooter.java:581)
]]></failure>
    <system-out><![CDATA[onTestStart=> login_ActiTime
We navigated to SignIn Page
]]></system-out>
    <system-err><![CDATA[Starting ChromeDriver 102.0.5005.61 (0e59bcc00cc4985ce39ad31c150065f159d95ad3-refs/branch-heads/5005@{#819}) on port 9685
Only local connections are allowed.
Please see https://chromedriver.chromium.org/security-considerations for suggestions on keeping ChromeDriver safe.
ChromeDriver was started successfully.
[1656209564.547][WARNING]: This version of ChromeDriver has not been tested with Chrome version 103.
Jun 26, 2022 7:42:44 AM org.openqa.selenium.remote.ProtocolHandshake createSession
INFO: Detected dialect: W3C
]]></system-err>
  </testcase>
  <testcase name="createTasks[Task_1_](1)" classname="enter_TimeTrack.CreateCustomer" time="5.697">
    <system-out><![CDATA[registerData method
6=========1
getting out from Data Provider registerData
onTestStart=> createTasks
Flight operations
Spaceship building
Spaceship testing
tasksCount_first.size()==> 20
2022-06-26 07:43:11.299
]]></system-out>
  </testcase>
  <testcase name="createTasks[Task_2_](2)" classname="enter_TimeTrack.CreateCustomer" time="5.839">
    <system-out><![CDATA[onTestSuccess => createTasks
onTestStart=> createTasks
Flight operations
Spaceship building
Spaceship testing
tasksCount_first.size()==> 20
2022-06-26 07:43:17.128
]]></system-out>
  </testcase>
  <testcase name="createTasks[Task_3_](3)" classname="enter_TimeTrack.CreateCustomer" time="5.788">
    <system-out><![CDATA[onTestSuccess => createTasks
onTestStart=> createTasks
Flight operations
Spaceship building
Spaceship testing
tasksCount_first.size()==> 20
2022-06-26 07:43:22.949
]]></system-out>
  </testcase>
  <testcase name="createTasks[Task_4_](4)" classname="enter_TimeTrack.CreateCustomer" time="5.769">
    <system-out><![CDATA[onTestSuccess => createTasks
onTestStart=> createTasks
Flight operations
Spaceship building
Spaceship testing
tasksCount_first.size()==> 20
2022-06-26 07:43:28.74
]]></system-out>
  </testcase>
  <testcase name="createTasks[Task_5_](5)" classname="enter_TimeTrack.CreateCustomer" time="5.739">
    <system-out><![CDATA[onTestSuccess => createTasks
onTestStart=> createTasks
Flight operations
Spaceship building
Spaceship testing
tasksCount_first.size()==> 20
2022-06-26 07:43:34.509
]]></system-out>
  </testcase>
</testsuite>